This is pdfTeX, Version 3.1415926-2.4-1.40.13 (TeX Live 2012) (format=pdflatex 2012.6.30)  17 MAR 2016 07:44
entering extended mode
 restricted \write18 enabled.
 file:line:error style messages enabled.
 %&-line parsing enabled.
**sig-alternate.tex
(./sig-alternate.tex
LaTeX2e <2011/06/27>
Babel <v3.8m> and hyphenation patterns for english, dumylang, nohyphenation, ge
rman-x-2012-05-30, ngerman-x-2012-05-30, afrikaans, ancientgreek, ibycus, arabi
c, armenian, basque, bulgarian, catalan, pinyin, coptic, croatian, czech, danis
h, dutch, ukenglish, usenglishmax, esperanto, estonian, ethiopic, farsi, finnis
h, french, friulan, galician, german, ngerman, swissgerman, monogreek, greek, h
ungarian, icelandic, assamese, bengali, gujarati, hindi, kannada, malayalam, ma
rathi, oriya, panjabi, tamil, telugu, indonesian, interlingua, irish, italian, 
kurmanji, latin, latvian, lithuanian, mongolian, mongolianlmc, bokmal, nynorsk,
 polish, portuguese, romanian, romansh, russian, sanskrit, serbian, serbianc, s
lovak, slovenian, spanish, swedish, turkish, turkmen, ukrainian, uppersorbian, 
welsh, loaded.
(/usr/local/texlive/2012/texmf-dist/tex/latex/base/article.cls
Document Class: article 2007/10/19 v1.4h Standard LaTeX document class
(/usr/local/texlive/2012/texmf-dist/tex/latex/base/size10.clo
File: size10.clo 2007/10/19 v1.4h Standard LaTeX file (size option)
)
\c@part=\count79
\c@section=\count80
\c@subsection=\count81
\c@subsubsection=\count82
\c@paragraph=\count83
\c@subparagraph=\count84
\c@figure=\count85
\c@table=\count86
\abovecaptionskip=\skip41
\belowcaptionskip=\skip42
\bibindent=\dimen102
) (./aaai16.sty
Conference Style for AAAI for LaTeX 2e -- version of 1 January 2016
\titlebox=\skip43
) (/usr/local/texlive/2012/texmf-dist/tex/latex/psnfss/times.sty
Package: times 2005/04/12 PSNFSS-v9.2a (SPQR) 
)
(/usr/local/texlive/2012/texmf-dist/tex/latex/psnfss/helvet.sty
Package: helvet 2005/04/12 PSNFSS-v9.2a (WaS) 

(/usr/local/texlive/2012/texmf-dist/tex/latex/graphics/keyval.sty
Package: keyval 1999/03/16 v1.13 key=value parser (DPC)
\KV@toks@=\toks14
))
(/usr/local/texlive/2012/texmf-dist/tex/latex/psnfss/courier.sty
Package: courier 2005/04/12 PSNFSS-v9.2a (WaS) 
)
(/usr/local/texlive/2012/texmf-dist/tex/latex/url/url.sty
\Urlmuskip=\muskip10
Package: url 2006/04/12  ver 3.3  Verb mode for urls, etc.
)
(/usr/local/texlive/2012/texmf-dist/tex/latex/doublestroke/dsfont.sty
Package: dsfont 1995/08/01 v0.1 Double stroke roman fonts
)
(/usr/local/texlive/2012/texmf-dist/tex/latex/graphics/graphicx.sty
Package: graphicx 1999/02/16 v1.0f Enhanced LaTeX Graphics (DPC,SPQR)

(/usr/local/texlive/2012/texmf-dist/tex/latex/graphics/graphics.sty
Package: graphics 2009/02/05 v1.0o Standard LaTeX Graphics (DPC,SPQR)

(/usr/local/texlive/2012/texmf-dist/tex/latex/graphics/trig.sty
Package: trig 1999/03/16 v1.09 sin cos tan (DPC)
)
(/usr/local/texlive/2012/texmf-dist/tex/latex/latexconfig/graphics.cfg
File: graphics.cfg 2010/04/23 v1.9 graphics configuration of TeX Live
)
Package graphics Info: Driver file: pdftex.def on input line 91.

(/usr/local/texlive/2012/texmf-dist/tex/latex/pdftex-def/pdftex.def
File: pdftex.def 2011/05/27 v0.06d Graphics/color for pdfTeX

(/usr/local/texlive/2012/texmf-dist/tex/generic/oberdiek/infwarerr.sty
Package: infwarerr 2010/04/08 v1.3 Providing info/warning/error messages (HO)
)
(/usr/local/texlive/2012/texmf-dist/tex/generic/oberdiek/ltxcmds.sty
Package: ltxcmds 2011/11/09 v1.22 LaTeX kernel commands for general use (HO)
)
\Gread@gobject=\count87
))
\Gin@req@height=\dimen103
\Gin@req@width=\dimen104
)
(/usr/local/texlive/2012/texmf-dist/tex/latex/tools/xspace.sty
Package: xspace 2009/10/20 v1.13 Space after command names (DPC,MH)
)
(/usr/local/texlive/2012/texmf-dist/tex/latex/multirow/multirow.sty
\bigstrutjot=\dimen105
)
(/usr/local/texlive/2012/texmf-dist/tex/latex/booktabs/booktabs.sty
Package: booktabs 2005/04/14 v1.61803 publication quality tables
\heavyrulewidth=\dimen106
\lightrulewidth=\dimen107
\cmidrulewidth=\dimen108
\belowrulesep=\dimen109
\belowbottomsep=\dimen110
\aboverulesep=\dimen111
\abovetopsep=\dimen112
\cmidrulesep=\dimen113
\cmidrulekern=\dimen114
\defaultaddspace=\dimen115
\@cmidla=\count88
\@cmidlb=\count89
\@aboverulesep=\dimen116
\@belowrulesep=\dimen117
\@thisruleclass=\count90
\@lastruleclass=\count91
\@thisrulewidth=\dimen118
)
(/usr/local/texlive/2012/texmf-dist/tex/latex/enumitem/enumitem.sty
Package: enumitem 2011/09/28 v3.5.2 Customized lists
\labelindent=\skip44
\enit@outerparindent=\dimen119
\enit@toks=\toks15
\enit@inbox=\box26
\enitdp@description=\count92
)
(/usr/local/texlive/2012/texmf-dist/tex/latex/siunitx/siunitx.sty
(/usr/local/texlive/2012/texmf-dist/tex/latex/l3kernel/expl3.sty
(/usr/local/texlive/2012/texmf-dist/tex/latex/l3kernel/l3names.sty
(/usr/local/texlive/2012/texmf-dist/tex/latex/l3kernel/l3bootstrap.sty
Package: l3bootstrap 2011/12/29 v3110 L3 Experimental bootstrap code
)
Package: l3names 2012/03/04 v3494 L3 Experimental namespace for primitives
)
(/usr/local/texlive/2012/texmf-dist/tex/latex/etex-pkg/etex.sty
Package: etex 1998/03/26 v2.0 eTeX basic definition package (PEB)
\et@xins=\count93
)
Package: expl3 2012/04/23 v3570 L3 Experimental code bundle wrapper

(/usr/local/texlive/2012/texmf-dist/tex/latex/graphics/color.sty
Package: color 2005/11/14 v1.0j Standard LaTeX Color (DPC)

(/usr/local/texlive/2012/texmf-dist/tex/latex/latexconfig/color.cfg
File: color.cfg 2007/01/18 v1.5 color configuration of teTeX/TeXLive
)
Package color Info: Driver file: pdftex.def on input line 130.
)
(/usr/local/texlive/2012/texmf-dist/tex/latex/l3kernel/l3basics.sty
Package: l3basics 2012/03/04 v3491 L3 Experimental basic definitions
)
(/usr/local/texlive/2012/texmf-dist/tex/latex/l3kernel/l3expan.sty
Package: l3expan 2012/02/26 v3460 L3 Experimental argument expansion
)
(/usr/local/texlive/2012/texmf-dist/tex/latex/l3kernel/l3tl.sty
Package: l3tl 2012/03/04 v3490 L3 Experimental token lists
)
(/usr/local/texlive/2012/texmf-dist/tex/latex/l3kernel/l3seq.sty
Package: l3seq 2012/03/04 v3490 L3 Experimental sequences and stacks
)
(/usr/local/texlive/2012/texmf-dist/tex/latex/l3kernel/l3int.sty
Package: l3int 2012/03/04 v3490 L3 Experimental integers
\c_max_int=\count94
\l_tmpa_int=\count95
\l_tmpb_int=\count96
\l_tmpc_int=\count97
\g_tmpa_int=\count98
\g_tmpb_int=\count99
)
(/usr/local/texlive/2012/texmf-dist/tex/latex/l3kernel/l3quark.sty
Package: l3quark 2012/02/12 v3384 L3 Experimental quarks
)
(/usr/local/texlive/2012/texmf-dist/tex/latex/l3kernel/l3prg.sty
Package: l3prg 2012/03/04 v3490 L3 Experimental control structures
\g_prg_map_int=\count100
)
(/usr/local/texlive/2012/texmf-dist/tex/latex/l3kernel/l3clist.sty
Package: l3clist 2012/03/04 v3490 L3 Experimental comma separated lists
)
(/usr/local/texlive/2012/texmf-dist/tex/latex/l3kernel/l3token.sty
Package: l3token 2012/03/04 v3491 L3 Experimental token manipulation
)
(/usr/local/texlive/2012/texmf-dist/tex/latex/l3kernel/l3prop.sty
Package: l3prop 2012/03/04 v3490 L3 Experimental property lists
)
(/usr/local/texlive/2012/texmf-dist/tex/latex/l3kernel/l3msg.sty
Package: l3msg 2012/04/23 v3568 L3 Experimental messages
)
(/usr/local/texlive/2012/texmf-dist/tex/latex/l3kernel/l3file.sty
Package: l3file 2012/03/09 v3520 L3 Experimental file and I/O operations
\l_iow_stream_int=\count101
\l_iow_line_length_int=\count102
\l_iow_target_length_int=\count103
\l_iow_current_line_int=\count104
\l_iow_current_word_int=\count105
\l_iow_current_indentation_int=\count106
)
(/usr/local/texlive/2012/texmf-dist/tex/latex/l3kernel/l3skip.sty
Package: l3skip 2012/03/05 v3499 L3 Experimental dimensions and skips
\l_tmpa_dim=\dimen120
\l_tmpb_dim=\dimen121
\l_tmpc_dim=\dimen122
\g_tmpa_dim=\dimen123
\g_tmpb_dim=\dimen124
\l_tmpa_skip=\skip45
\l_tmpb_skip=\skip46
\l_tmpc_skip=\skip47
\g_tmpa_skip=\skip48
\g_tmpb_skip=\skip49
)
(/usr/local/texlive/2012/texmf-dist/tex/latex/l3kernel/l3keys.sty
Package: l3keys 2012/03/03 v3487 L3 Experimental key-value interfaces
\g_keyval_level_int=\count107
\l_keys_choice_int=\count108
)
(/usr/local/texlive/2012/texmf-dist/tex/latex/l3kernel/l3fp.sty
Package: l3fp 2012/03/04 v3490 L3 Experimental floating-point operations
\c_one_million=\count109
\c_one_hundred_million=\count110
\c_five_hundred_million=\count111
\c_one_thousand_million=\count112
\c_fp_pi_by_four_decimal_int=\count113
\c_fp_pi_by_four_extended_int=\count114
\c_fp_pi_decimal_int=\count115
\c_fp_pi_extended_int=\count116
\c_fp_two_pi_decimal_int=\count117
\c_fp_two_pi_extended_int=\count118
\l_fp_count_int=\count119
\l_fp_div_offset_int=\count120
\l_fp_exp_integer_int=\count121
\l_fp_exp_decimal_int=\count122
\l_fp_exp_extended_int=\count123
\l_fp_exp_exponent_int=\count124
\l_fp_input_a_sign_int=\count125
\l_fp_input_a_integer_int=\count126
\l_fp_input_a_decimal_int=\count127
\l_fp_input_a_exponent_int=\count128
\l_fp_input_b_sign_int=\count129
\l_fp_input_b_integer_int=\count130
\l_fp_input_b_decimal_int=\count131
\l_fp_input_b_exponent_int=\count132
\l_fp_input_a_extended_int=\count133
\l_fp_input_b_extended_int=\count134
\l_fp_mul_a_i_int=\count135
\l_fp_mul_a_ii_int=\count136
\l_fp_mul_a_iii_int=\count137
\l_fp_mul_a_iv_int=\count138
\l_fp_mul_a_v_int=\count139
\l_fp_mul_a_vi_int=\count140
\l_fp_mul_b_i_int=\count141
\l_fp_mul_b_ii_int=\count142
\l_fp_mul_b_iii_int=\count143
\l_fp_mul_b_iv_int=\count144
\l_fp_mul_b_v_int=\count145
\l_fp_mul_b_vi_int=\count146
\l_fp_mul_output_int=\count147
\l_fp_output_sign_int=\count148
\l_fp_output_integer_int=\count149
\l_fp_output_decimal_int=\count150
\l_fp_output_exponent_int=\count151
\l_fp_output_extended_int=\count152
\l_fp_round_position_int=\count153
\l_fp_round_target_int=\count154
\l_fp_split_sign_int=\count155
\l_fp_internal_int=\count156
\l_fp_trig_octant_int=\count157
\l_fp_trig_sign_int=\count158
\l_fp_trig_decimal_int=\count159
\l_fp_trig_extended_int=\count160
\l_fp_internal_dim=\dimen125
\l_fp_internal_skip=\skip50
)
(/usr/local/texlive/2012/texmf-dist/tex/latex/l3kernel/l3box.sty
Package: l3box 2012/03/04 v3490 L3 Experimental boxes
\l_tmpb_box=\box27
\l_box_top_dim=\dimen126
\l_box_bottom_dim=\dimen127
\l_box_left_dim=\dimen128
\l_box_right_dim=\dimen129
\l_box_top_new_dim=\dimen130
\l_box_bottom_new_dim=\dimen131
\l_box_left_new_dim=\dimen132
\l_box_right_new_dim=\dimen133
\l_box_internal_box=\box28
)
(/usr/local/texlive/2012/texmf-dist/tex/latex/l3kernel/l3coffins.sty
Package: l3coffins 2012/03/03 v3482 L3 Experimental coffin code layer
\l_coffin_internal_box=\box29
\l_coffin_internal_dim=\dimen134
\l_coffin_offset_x_dim=\dimen135
\l_coffin_offset_y_dim=\dimen136
\l_coffin_x_dim=\dimen137
\l_coffin_y_dim=\dimen138
\l_coffin_x_prime_dim=\dimen139
\l_coffin_y_prime_dim=\dimen140
\l_coffin_Depth_dim=\dimen141
\l_coffin_Height_dim=\dimen142
\l_coffin_TotalHeight_dim=\dimen143
\l_coffin_Width_dim=\dimen144
\c_empty_coffin=\box30
\l_coffin_aligned_coffin=\box31
\l_coffin_aligned_internal_coffin=\box32
\l_coffin_bounding_shift_dim=\dimen145
\l_coffin_left_corner_dim=\dimen146
\l_coffin_right_corner_dim=\dimen147
\l_coffin_bottom_corner_dim=\dimen148
\l_coffin_top_corner_dim=\dimen149
\l_coffin_scaled_total_height_dim=\dimen150
\l_coffin_scaled_width_dim=\dimen151
\l_coffin_display_coffin=\box33
\l_coffin_display_coord_coffin=\box34
\l_coffin_display_pole_coffin=\box35
\l_coffin_display_offset_dim=\dimen152
\l_coffin_display_x_dim=\dimen153
\l_coffin_display_y_dim=\dimen154
)
(/usr/local/texlive/2012/texmf-dist/tex/latex/l3kernel/l3color.sty
Package: l3color 2011/09/07 v2776 L3 Experimental colour support
)
(/usr/local/texlive/2012/texmf-dist/tex/latex/l3kernel/l3luatex.sty
Package: l3luatex 2012/02/09 v3355 L3 Experimental LuaTeX-specific functions
\g_cctab_allocate_int=\count161
\g_cctab_stack_int=\count162
))
Package: siunitx 2012/05/03 v2.5c A comprehensive (SI) units package

(/usr/local/texlive/2012/texmf-dist/tex/latex/amsmath/amstext.sty
Package: amstext 2000/06/29 v2.01

(/usr/local/texlive/2012/texmf-dist/tex/latex/amsmath/amsgen.sty
File: amsgen.sty 1999/11/30 v2.0
\@emptytoks=\toks16
\ex@=\dimen155
))
(/usr/local/texlive/2012/texmf-dist/tex/latex/tools/array.sty
Package: array 2008/09/09 v2.4c Tabular extension package (FMi)
\col@sep=\dimen156
\extrarowheight=\dimen157
\NC@list=\toks17
\extratabsurround=\skip51
\backup@length=\skip52
)
(/usr/local/texlive/2012/texmf-dist/tex/latex/l3packages/l3keys2e/l3keys2e.sty
(/usr/local/texlive/2012/texmf-dist/tex/latex/l3packages/xparse/xparse.sty
Package: xparse 2012/04/23 v3570 L3 Experimental document command parser
\l_xparse_current_arg_int=\count163
\l_xparse_m_args_int=\count164
\l_xparse_mandatory_args_int=\count165
\l_xparse_processor_int=\count166
\l_xparse_v_nesting_int=\count167
)
Package: l3keys2e 2012/04/23 v3570 LaTeX2e option processing using LaTeX3 keys
)
\l_siunitx_tmp_box=\box36
\l_siunitx_tmp_dim=\dimen158
\l_siunitx_tmp_int=\count168
Variant \prop_get:NVNT already defined; not changing it on line 360
Variant \prop_get:NVNF already defined; not changing it on line 361
Variant \prop_get:NVNTF already defined; not changing it on line 362
\l_siunitx_number_mantissa_length_int=\count169
\l_siunitx_number_uncert_length_int=\count170
\l_siunitx_round_int=\count171
\l_siunitx_process_decimal_int=\count172
\l_siunitx_process_uncertainty_int=\count173
\l_siunitx_process_fixed_int=\count174
\l_siunitx_process_integer_min_int=\count175
\l_siunitx_process_precision_int=\count176
\l_siunitx_group_min_int=\count177
\l_siunitx_angle_marker_box=\box37
\l_siunitx_angle_unit_box=\box38
\l_siunitx_angle_marker_dim=\dimen159
\l_siunitx_angle_unit_dim=\dimen160
\l_siunitx_unit_int=\count178
\l_siunitx_unit_denominator_int=\count179
\l_siunitx_unit_numerator_int=\count180
\l_siunitx_unit_prefix_int=\count181
\l_siunitx_unit_prefix_base_int=\count182
\l_siunitx_unit_prefix_gram_int=\count183
\l_siunitx_number_product_int=\count184
\c_siunitx_one_fill_skip=\skip53
\l_siunitx_table_unit_align_skip=\skip54
\l_siunitx_table_exponent_dim=\dimen161
\l_siunitx_table_integer_dim=\dimen162
\l_siunitx_table_mantissa_dim=\dimen163
\l_siunitx_table_marker_dim=\dimen164
\l_siunitx_table_result_dim=\dimen165
\l_siunitx_table_uncert_dim=\dimen166
\l_siunitx_table_fill_pre_dim=\dimen167
\l_siunitx_table_fill_post_dim=\dimen168
\l_siunitx_table_fill_mid_dim=\dimen169
\l_siunitx_table_pre_box=\box39
\l_siunitx_table_post_box=\box40
\l_siunitx_table_mantissa_box=\box41
\l_siunitx_table_result_box=\box42
\l_siunitx_table_number_align_skip=\skip55
\l_siunitx_table_text_align_skip=\skip56
.................................................
. LaTeX info: "xparse/define-command"
. 
. Defining document command \DeclareBinaryPrefix with arg. spec. 'mmm' on line
. 7037.
.................................................
.................................................
. LaTeX info: "xparse/define-command"
. 
. Defining document command \DeclareSIPostPower with arg. spec. 'mm' on line
. 7040.
.................................................
.................................................
. LaTeX info: "xparse/define-command"
. 
. Defining document command \DeclareSIPrefix with arg. spec. 'mmm' on line
. 7043.
.................................................
.................................................
. LaTeX info: "xparse/define-command"
. 
. Defining document command \DeclareSIPrePower with arg. spec. 'mm' on line
. 7046.
.................................................
.................................................
. LaTeX info: "xparse/define-command"
. 
. Defining document command \DeclareSIQualifier with arg. spec. 'mm' on line
. 7049.
.................................................
.................................................
. LaTeX info: "xparse/define-command"
. 
. Defining document command \DeclareSIUnit with arg. spec. 'O{}mm' on line
. 7052.
.................................................
.................................................
. LaTeX info: "xparse/define-command"
. 
. Defining document command \DeclareSIUnitWithOptions with arg. spec. 'mmm' on
. line 7055.
.................................................
.................................................
. LaTeX info: "xparse/define-command"
. 
. Defining document command \ang with arg. spec. 'o>{\SplitArgument {2}{;}}m'
. on line 7070.
.................................................
.................................................
. LaTeX info: "xparse/define-command"
. 
. Defining document command \num with arg. spec. 'om' on line 7078.
.................................................
.................................................
. LaTeX info: "xparse/define-command"
. 
. Defining document command \numlist with arg. spec. 'o>{\SplitList {;}}m' on
. line 7086.
.................................................
.................................................
. LaTeX info: "xparse/define-command"
. 
. Defining document command \numrange with arg. spec. 'omm' on line 7094.
.................................................
.................................................
. LaTeX info: "xparse/define-command"
. 
. Defining document command \SIlist with arg. spec. 'o>{\SplitList {;}}mm' on
. line 7105.
.................................................
.................................................
. LaTeX info: "xparse/define-command"
. 
. Defining document command \SIrange with arg. spec. 'ommm' on line 7116.
.................................................
.................................................
. LaTeX info: "xparse/define-command"
. 
. Defining document command \SI with arg. spec. 'omom' on line 7127.
.................................................
.................................................
. LaTeX info: "xparse/define-command"
. 
. Defining document command \sisetup with arg. spec. 'm' on line 7130.
.................................................
.................................................
. LaTeX info: "xparse/define-command"
. 
. Defining document command \tablenum with arg. spec. 'om' on line 7142.
.................................................
.................................................
. LaTeX info: "xparse/define-command"
. 
. Defining document command \si with arg. spec. 'om' on line 7153.
.................................................
.................................................
. LaTeX info: "xparse/define-command"
. 
. Defining document command \siunitx_bookmark_num:w with arg. spec. 'om' on
. line 7197.
.................................................
.................................................
. LaTeX info: "xparse/define-command"
. 
. Defining document command \siunitx_bookmark_numrange:w with arg. spec. 'omm'
. on line 7199.
.................................................
.................................................
. LaTeX info: "xparse/define-command"
. 
. Defining document command \siunitx_bookmark_SI:w with arg. spec. 'omom' on
. line 7201.
.................................................
.................................................
. LaTeX info: "xparse/define-command"
. 
. Defining document command \siunitx_bookmark_SIlist:w with arg. spec. 'omm'
. on line 7203.
.................................................
.................................................
. LaTeX info: "xparse/define-command"
. 
. Defining document command \siunitx_bookmark_SIrange:w with arg. spec. 'ommm'
. on line 7205.
.................................................
.................................................
. LaTeX info: "xparse/define-command"
. 
. Defining document command \siunitx_bookmark_si:w with arg. spec. 'om' on
. line 7206.
.................................................
\g_ior_internal_ior=\read1

(/usr/local/texlive/2012/texmf-dist/tex/latex/beamer/translator/translator.sty
Package: translator 2010/06/12 ver 1.10

(/usr/local/texlive/2012/texmf-dist/tex/latex/beamer/translator/translator-lang
uage-mappings.tex)))
(/usr/local/texlive/2012/texmf-dist/tex/latex/preprint/balance.sty
Package: balance 1999/02/23 4.3 (PWD)
\oldvsize=\dimen170
)
(/usr/local/texlive/2012/texmf-dist/tex/latex/lastpage/lastpage.sty
Package: lastpage 2011/09/01 v1.2k Refers to last page's name (HMM; JPG)
)
(/usr/local/texlive/2012/texmf-dist/tex/latex/xcolor/xcolor.sty
Package: xcolor 2007/01/21 v2.11 LaTeX color extensions (UK)

(/usr/local/texlive/2012/texmf-dist/tex/latex/latexconfig/color.cfg
File: color.cfg 2007/01/18 v1.5 color configuration of teTeX/TeXLive
)
Package xcolor Info: Package option `usenames' ignored on input line 216.
Package xcolor Info: Driver file: pdftex.def on input line 225.
LaTeX Info: Redefining \color on input line 702.
Package xcolor Info: Model `cmy' substituted by `cmy0' on input line 1337.
Package xcolor Info: Model `hsb' substituted by `rgb' on input line 1341.
Package xcolor Info: Model `RGB' extended on input line 1353.
Package xcolor Info: Model `HTML' substituted by `rgb' on input line 1355.
Package xcolor Info: Model `Hsb' substituted by `hsb' on input line 1356.
Package xcolor Info: Model `tHsb' substituted by `hsb' on input line 1357.
Package xcolor Info: Model `HSB' substituted by `hsb' on input line 1358.
Package xcolor Info: Model `Gray' substituted by `gray' on input line 1359.
Package xcolor Info: Model `wave' substituted by `hsb' on input line 1360.

(/usr/local/texlive/2012/texmf-dist/tex/latex/xcolor/svgnam.def
File: svgnam.def 2007/01/21 v2.11 Predefined colors according to SVG 1.1 (UK)
))
(/usr/local/texlive/2012/texmf-dist/tex/latex/appendix/appendix.sty
Package: appendix 2009/09/02 v1.2b extra appendix facilities
\c@@pps=\count185
\c@@ppsavesec=\count186
\c@@ppsaveapp=\count187
)
(/usr/local/texlive/2012/texmf-dist/tex/latex/sidecap/sidecap.sty
Package: sidecap 2003/06/06 v1.6f SideCap Package (RN/HjG)

(/usr/local/texlive/2012/texmf-dist/tex/latex/base/ifthen.sty
Package: ifthen 2001/05/26 v1.1c Standard LaTeX ifthen package (DPC)
)
\SC@BOXWD=\dimen171
\SC@CAPWD=\dimen172
\SC@tempdima=\dimen173
\SC@tempdimb=\dimen174
\c@SC@C=\count188
\SC@BOX=\box43
)
(./sig-alternate.aux)
\openout1 = `sig-alternate.aux'.

LaTeX Font Info:    Checking defaults for OML/cmm/m/it on input line 29.
LaTeX Font Info:    ... okay on input line 29.
LaTeX Font Info:    Checking defaults for T1/cmr/m/n on input line 29.
LaTeX Font Info:    ... okay on input line 29.
LaTeX Font Info:    Checking defaults for OT1/cmr/m/n on input line 29.
LaTeX Font Info:    ... okay on input line 29.
LaTeX Font Info:    Checking defaults for OMS/cmsy/m/n on input line 29.
LaTeX Font Info:    ... okay on input line 29.
LaTeX Font Info:    Checking defaults for OMX/cmex/m/n on input line 29.
LaTeX Font Info:    ... okay on input line 29.
LaTeX Font Info:    Checking defaults for U/cmr/m/n on input line 29.
LaTeX Font Info:    ... okay on input line 29.
LaTeX Font Info:    Try loading font information for OT1+ptm on input line 29.

(/usr/local/texlive/2012/texmf-dist/tex/latex/psnfss/ot1ptm.fd
File: ot1ptm.fd 2001/06/04 font definitions for OT1/ptm.
)
(/usr/local/texlive/2012/texmf-dist/tex/context/base/supp-pdf.mkii
[Loading MPS to PDF converter (version 2006.09.02).]
\scratchcounter=\count189
\scratchdimen=\dimen175
\scratchbox=\box44
\nofMPsegments=\count190
\nofMParguments=\count191
\everyMPshowfont=\toks18
\MPscratchCnt=\count192
\MPscratchDim=\dimen176
\MPnumerator=\count193
\makeMPintoPDFobject=\count194
\everyMPtoPDFconversion=\toks19
) (/usr/local/texlive/2012/texmf-dist/tex/generic/oberdiek/pdftexcmds.sty
Package: pdftexcmds 2011/11/29 v0.20 Utility functions of pdfTeX for LuaTeX (HO
)

(/usr/local/texlive/2012/texmf-dist/tex/generic/oberdiek/ifluatex.sty
Package: ifluatex 2010/03/01 v1.3 Provides the ifluatex switch (HO)
Package ifluatex Info: LuaTeX not detected.
)
(/usr/local/texlive/2012/texmf-dist/tex/generic/oberdiek/ifpdf.sty
Package: ifpdf 2011/01/30 v2.3 Provides the ifpdf switch (HO)
Package ifpdf Info: pdfTeX in PDF mode is detected.
)
Package pdftexcmds Info: LuaTeX not detected.
Package pdftexcmds Info: \pdf@primitive is available.
Package pdftexcmds Info: \pdf@ifprimitive is available.
Package pdftexcmds Info: \pdfdraftmode found.
)
(/usr/local/texlive/2012/texmf-dist/tex/latex/oberdiek/epstopdf-base.sty
Package: epstopdf-base 2010/02/09 v2.5 Base part for package epstopdf

(/usr/local/texlive/2012/texmf-dist/tex/latex/oberdiek/grfext.sty
Package: grfext 2010/08/19 v1.1 Manage graphics extensions (HO)

(/usr/local/texlive/2012/texmf-dist/tex/generic/oberdiek/kvdefinekeys.sty
Package: kvdefinekeys 2011/04/07 v1.3 Define keys (HO)
))
(/usr/local/texlive/2012/texmf-dist/tex/latex/oberdiek/kvoptions.sty
Package: kvoptions 2011/06/30 v3.11 Key value format for package options (HO)

(/usr/local/texlive/2012/texmf-dist/tex/generic/oberdiek/kvsetkeys.sty
Package: kvsetkeys 2012/04/25 v1.16 Key value parser (HO)

(/usr/local/texlive/2012/texmf-dist/tex/generic/oberdiek/etexcmds.sty
Package: etexcmds 2011/02/16 v1.5 Avoid name clashes with e-TeX commands (HO)
Package etexcmds Info: Could not find \expanded.
(etexcmds)             That can mean that you are not using pdfTeX 1.50 or
(etexcmds)             that some package has redefined \expanded.
(etexcmds)             In the latter case, load this package earlier.
)))
Package grfext Info: Graphics extension search list:
(grfext)             [.png,.pdf,.jpg,.mps,.jpeg,.jbig2,.jb2,.PNG,.PDF,.JPG,.JPE
G,.JBIG2,.JB2,.eps]
(grfext)             \AppendGraphicsExtensions on input line 452.

(/usr/local/texlive/2012/texmf-dist/tex/latex/latexconfig/epstopdf-sys.cfg
File: epstopdf-sys.cfg 2010/07/13 v1.3 Configuration of (r)epstopdf for TeX Liv
e
))
(/usr/local/texlive/2012/texmf-dist/tex/latex/beamer/translator/dicts/translato
r-basic-dictionary/translator-basic-dictionary-English.dict
Dictionary: translator-basic-dictionary, Language: English 
)
(/usr/local/texlive/2012/texmf-dist/tex/latex/siunitx/config/siunitx-abbreviati
ons.cfg
File: siunitx-abbreviations.cfg 2012/05/03 v2.5c siunitx: Abbreviated units
)
(/usr/local/texlive/2012/texmf-dist/tex/latex/siunitx/config/siunitx-binary.cfg
File: siunitx-binary.cfg 2012/05/03 v2.5c siunitx: Binary units
)
Package lastpage Info: Please have a look at the pageslts package at
(lastpage)             http://www.ctan.org/tex-archive/ 
(lastpage)             macros/latex/contrib/pageslts/ 
(lastpage)             or
(lastpage)             http://www.ctan.org/tex-archive/ 
(lastpage)             install/macros/latex/contrib/pageslts.tds.zip
(lastpage)             ! on input line 29.
 (/usr/local/texlive/2012/texmf-dist/tex/latex/ms/ragged2e.sty
Package: ragged2e 2009/05/21 v2.1 ragged2e Package (MS)

(/usr/local/texlive/2012/texmf-dist/tex/latex/ms/everysel.sty
Package: everysel 2011/10/28 v1.2 EverySelectfont Package (MS)

ABD: EverySelectfont initializing macros
LaTeX Info: Redefining \selectfont on input line 126.
)
\CenteringLeftskip=\skip57
\RaggedLeftLeftskip=\skip58
\RaggedRightLeftskip=\skip59
\CenteringRightskip=\skip60
\RaggedLeftRightskip=\skip61
\RaggedRightRightskip=\skip62
\CenteringParfillskip=\skip63
\RaggedLeftParfillskip=\skip64
\RaggedRightParfillskip=\skip65
\JustifyingParfillskip=\skip66
\CenteringParindent=\skip67
\RaggedLeftParindent=\skip68
\RaggedRightParindent=\skip69
\JustifyingParindent=\skip70
)
\c_siunitx_mathsf_int=\count195
LaTeX Font Info:    External font `cmex10' loaded for size
(Font)              <7> on input line 29.
LaTeX Font Info:    External font `cmex10' loaded for size
(Font)              <5> on input line 29.
\c_siunitx_mathtt_int=\count196
LaTeX Font Info:    Font shape `OT1/ptm/bx/n' in size <14.4> not available
(Font)              Font shape `OT1/ptm/b/n' tried instead on input line 61.
LaTeX Font Info:    Font shape `OT1/ptm/bx/n' in size <12> not available
(Font)              Font shape `OT1/ptm/b/n' tried instead on input line 61.
LaTeX Font Info:    Try loading font information for OMS+ptm on input line 61.

(/usr/local/texlive/2012/texmf-dist/tex/latex/psnfss/omsptm.fd
File: omsptm.fd 
)
LaTeX Font Info:    Font shape `OMS/ptm/m/n' in size <10> not available
(Font)              Font shape `OMS/cmsy/m/n' tried instead on input line 61.
LaTeX Font Info:    Font shape `OMS/ptm/m/n' in size <9> not available
(Font)              Font shape `OMS/cmsy/m/n' tried instead on input line 61.
LaTeX Font Info:    Font shape `OT1/ptm/bx/n' in size <10> not available
(Font)              Font shape `OT1/ptm/b/n' tried instead on input line 64.

(./sections/intro.tex
LaTeX Font Info:    Try loading font information for OT1+pcr on input line 16.

(/usr/local/texlive/2012/texmf-dist/tex/latex/psnfss/ot1pcr.fd
File: ot1pcr.fd 2001/06/04 font definitions for OT1/pcr.
)
LaTeX Font Info:    External font `cmex10' loaded for size
(Font)              <9> on input line 31.
LaTeX Font Info:    External font `cmex10' loaded for size
(Font)              <6> on input line 31.
Missing character: There is no â in font ptmr7t!
Missing character: There is no € in font ptmr7t!
Missing character: There is no ™ in font ptmr7t!

Underfull \hbox (badness 2057) in paragraph at lines 41--46
[]\OT1/ptm/b/n/10 Climate Change Dis-course on So-cial Me-dia. \OT1/ptm/m/n/10 
Cli-
 []

[1{/usr/local/texlive/2012/texmf-var/fonts/map/pdftex/updmap/pdftex.map}



])
(./sections/dataset.tex
Underfull \hbox (badness 10000) in paragraph at lines 37--38
[]\OT1/ptm/b/n/10 Thepetitionsite.com. \OT1/ptm/m/n/10 To com-pare cam-paign pe
-ti-
 []


Underfull \hbox (badness 10000) in paragraph at lines 37--38
\OT1/ptm/m/n/10 tions with other en-vi-ron-men-tal pe-ti-tions, we ad-di-
 []


Underfull \hbox (badness 6658) in paragraph at lines 37--38
\OT1/ptm/m/n/10 tion-ally col-lected all the en-vi-ron-men-tal and an-i-mal
 []


Underfull \hbox (badness 2990) in paragraph at lines 37--38
\OT1/ptm/m/n/10 wel-fare pe-ti-tions from the ma-jor pe-ti-tion ag-gre-ga-tor[]

 []

) (./sections/petition_analysis.tex
LaTeX Font Info:    Font shape `OT1/ptm/bx/n' in size <10.95> not available
(Font)              Font shape `OT1/ptm/b/n' tried instead on input line 8.
 [2]
<figures/petitionsVSrank.png, id=19, 505.89pt x 144.54pt>
File: figures/petitionsVSrank.png Graphic file (type png)

<use figures/petitionsVSrank.png>
Package pdftex.def Info: figures/petitionsVSrank.png used on input line 41.
(pdftex.def)             Requested size: 239.39438pt x 68.39915pt.
 [3 <./figures/petitionsVSrank.png>]
LaTeX Font Info:    Font shape `OT1/pcr/bx/n' in size <10> not available
(Font)              Font shape `OT1/pcr/b/n' tried instead on input line 88.
LaTeX Font Info:    Font shape `OT1/ptm/bx/it' in size <10> not available
(Font)              Font shape `OT1/ptm/b/it' tried instead on input line 88.

<figures/signaturesgoalVSnumusersCampaigns.png, id=25, 505.89pt x 216.81pt>
File: figures/signaturesgoalVSnumusersCampaigns.png Graphic file (type png)

<use figures/signaturesgoalVSnumusersCampaigns.png>
Package pdftex.def Info: figures/signaturesgoalVSnumusersCampaigns.png used on 
input line 94.
(pdftex.def)             Requested size: 239.39438pt x 102.59874pt.
)
(./sections/conclusions.tex
Underfull \hbox (badness 1248) in paragraph at lines 101--2
[]\OT1/ptm/b/n/10 Which word fea-tures are more rep-re-sen-ta-tive for
 []


Underfull \hbox (badness 1253) in paragraph at lines 101--2
\OT1/ptm/b/n/10 of the up-per-cased words be-tween the col-lec-tions of
 []


Underfull \hbox (badness 1406) in paragraph at lines 101--2
\OML/cmm/m/it/10 RelativeChange \OT1/cmr/m/n/10 = []$\OT1/ptm/b/n/10 , where $\
OML/cmm/m/it/10 W[]$ \OT1/ptm/b/n/10 and
 []

)
LaTeX Font Info:    Font shape `OT1/ptm/bx/n' in size <9> not available
(Font)              Font shape `OT1/ptm/b/n' tried instead on input line 95.
 (./sig-alternate.bbl
LaTeX Font Info:    Font shape `OT1/ptm/bx/it' in size <9> not available
(Font)              Font shape `OT1/ptm/b/it' tried instead on input line 7.


Package balance Warning: You have called \balance in second column
(balance)                Columns might not be balanced.

[4 <./figures/signaturesgoalVSnumusersCampaigns.png>])

AED: lastpage setting LastPage

Overfull \vbox (1.07545pt too high) has occurred while \output is active []


[5] (./sig-alternate.aux) ) 
Here is how much of TeX's memory you used:
 11028 strings out of 493488
 231160 string characters out of 3141326
 246040 words of memory out of 3000000
 14111 multiletter control sequences out of 15000+200000
 29776 words of font info for 61 fonts, out of 3000000 for 9000
 957 hyphenation exceptions out of 8191
 38i,11n,35p,830b,263s stack positions out of 5000i,500n,10000p,200000b,50000s
{/usr/local/texlive/2012/texmf-dist/fonts/enc/dvips/
base/8r.enc}</usr/local/texlive/2012/texmf-dist/fonts/type1/public/amsfonts/cm/
cmmi10.pfb></usr/local/texlive/2012/texmf-dist/fonts/type1/public/amsfonts/cm/c
mmi5.pfb></usr/local/texlive/2012/texmf-dist/fonts/type1/public/amsfonts/cm/cmm
i7.pfb></usr/local/texlive/2012/texmf-dist/fonts/type1/public/amsfonts/cm/cmr10
.pfb></usr/local/texlive/2012/texmf-dist/fonts/type1/public/amsfonts/cm/cmr7.pf
b></usr/local/texlive/2012/texmf-dist/fonts/type1/public/amsfonts/cm/cmsy10.pfb
></usr/local/texlive/2012/texmf-dist/fonts/type1/public/amsfonts/cm/cmsy7.pfb><
/usr/local/texlive/2012/texmf-dist/fonts/type1/public/amsfonts/cm/cmsy9.pfb></u
sr/local/texlive/2012/texmf-dist/fonts/type1/urw/courier/ucrb8a.pfb></usr/local
/texlive/2012/texmf-dist/fonts/type1/urw/courier/ucrr8a.pfb></usr/local/texlive
/2012/texmf-dist/fonts/type1/urw/times/utmb8a.pfb></usr/local/texlive/2012/texm
f-dist/fonts/type1/urw/times/utmbi8a.pfb></usr/local/texlive/2012/texmf-dist/fo
nts/type1/urw/times/utmr8a.pfb></usr/local/texlive/2012/texmf-dist/fonts/type1/
urw/times/utmri8a.pfb>
Output written on sig-alternate.pdf (5 pages, 197401 bytes).
PDF statistics:
 82 PDF objects out of 1000 (max. 8388607)
 56 compressed objects within 1 object stream
 0 named destinations out of 1000 (max. 500000)
 11 words of extra memory for PDF output out of 10000 (max. 10000000)

